[debug] [2021-06-19T03:11:47.014Z] ----------------------------------------------------------------------
[debug] [2021-06-19T03:11:47.016Z] Command:       C:\Program Files\nodejs\node.exe C:\Users\Galuh Alifani\AppData\Roaming\npm\node_modules\firebase-tools\lib\bin\firebase.js init hosting
[debug] [2021-06-19T03:11:47.017Z] CLI Version:   9.13.1
[debug] [2021-06-19T03:11:47.017Z] Platform:      win32
[debug] [2021-06-19T03:11:47.017Z] Node Version:  v14.16.0
[debug] [2021-06-19T03:11:47.018Z] Time:          Sat Jun 19 2021 10:11:47 GMT+0700 (Western Indonesia Time)
[debug] [2021-06-19T03:11:47.018Z] ----------------------------------------------------------------------
[debug] 
[debug] [2021-06-19T03:11:47.026Z] > command requires scopes: ["email","openid","https://www.googleapis.com/auth/cloudplatformprojects.readonly","https://www.googleapis.com/auth/firebase","https://www.googleapis.com/auth/cloud-platform"]
[debug] [2021-06-19T03:11:47.026Z] > authorizing via signed-in user (galuh.adika@gmail.com)
[info] 
     ######## #### ########  ######## ########     ###     ######  ########
     ##        ##  ##     ## ##       ##     ##  ##   ##  ##       ##
     ######    ##  ########  ######   ########  #########  ######  ######
     ##        ##  ##    ##  ##       ##     ## ##     ##       ## ##
     ##       #### ##     ## ######## ########  ##     ##  ######  ########

You're about to initialize a Firebase project in this directory:

  C:\Users\Galuh Alifani\Documents\Hacktiv8\Phase 2\p2-cms-on-Vuejs-client\www

[info] 
=== Project Setup
[info] 
[info] First, let's associate this project directory with a Firebase project.
[info] You can create multiple project aliases by running firebase use --add, 
[info] but for now we'll just set up a default project.
[info] 
[debug] [2021-06-19T03:11:51.069Z] > refreshing access token with scopes: []
[debug] [2021-06-19T03:11:51.070Z] >>> HTTP REQUEST POST https://www.googleapis.com/oauth2/v3/token  
 <request body omitted>
[debug] [2021-06-19T03:11:51.403Z] <<< HTTP RESPONSE 200 {"cache-control":"no-cache, no-store, max-age=0, must-revalidate","pragma":"no-cache","date":"Sat, 19 Jun 2021 03:11:52 GMT","expires":"Mon, 01 Jan 1990 00:00:00 GMT","content-type":"application/json; charset=utf-8","vary":"X-Origin, Referer, Origin,Accept-Encoding","server":"scaffolding on HTTPServer2","x-xss-protection":"0","x-frame-options":"SAMEORIGIN","x-content-type-options":"nosniff","alt-svc":"h3=\":443\"; ma=2592000,h3-29=\":443\"; ma=2592000,h3-T051=\":443\"; ma=2592000,h3-Q050=\":443\"; ma=2592000,h3-Q046=\":443\"; ma=2592000,h3-Q043=\":443\"; ma=2592000,quic=\":443\"; ma=2592000; v=\"46,43\"","accept-ranges":"none","transfer-encoding":"chunked"}
[debug] [2021-06-19T03:11:51.426Z] >>> [apiv2][query] GET https://firebase.googleapis.com/v1beta1/projects pageSize=100
[debug] [2021-06-19T03:11:52.913Z] <<< [apiv2][status] GET https://firebase.googleapis.com/v1beta1/projects 200
[debug] [2021-06-19T03:11:52.913Z] <<< [apiv2][body] GET https://firebase.googleapis.com/v1beta1/projects [omitted]
[info] i  Using project movie-cms-challenge (movie-cms-challenge) 
[info] 
=== Hosting Setup
[info] 
[info] Your public directory is the folder (relative to your project directory) that
[info] will contain Hosting assets to be uploaded with firebase deploy. If you
[info] have a build process for your assets, use your build's output directory.
[info] 
